Arguments: 
  /opt/homebrew/Cellar/node/18.9.0/bin/node /opt/homebrew/Cellar/yarn/1.22.19/libexec/bin/yarn.js add express@4

PATH: 
  /opt/homebrew/bin:/opt/homebrew/sbin:/usr/local/bin:/usr/bin:/bin:/usr/sbin:/sbin

Yarn version: 
  1.22.19

Node version: 
  18.9.0

Platform: 
  darwin arm64

Trace: 
  SyntaxError: /Users/justin/Documents/projects/chat-app/package.json: Unexpected end of JSON input
      at JSON.parse (<anonymous>)
      at /opt/homebrew/Cellar/yarn/1.22.19/libexec/lib/cli.js:1629:59
      at Generator.next (<anonymous>)
      at step (/opt/homebrew/Cellar/yarn/1.22.19/libexec/lib/cli.js:310:30)
      at /opt/homebrew/Cellar/yarn/1.22.19/libexec/lib/cli.js:321:13

npm manifest: 
  

yarn manifest: 
  No manifest

Lockfile: 
  No lockfile
